{"total": {"lines":{"total":196,"covered":155,"skipped":0,"pct":79.08},"statements":{"total":196,"covered":155,"skipped":0,"pct":79.08},"functions":{"total":40,"covered":33,"skipped":0,"pct":82.5},"branches":{"total":94,"covered":54,"skipped":0,"pct":57.44},"branchesTrue":{"total":0,"covered":0,"skipped":0,"pct":100}}
,"/Users/jeffreyhu/DEV/lovcode/src/components/ErrorBoundary.tsx": {"lines":{"total":37,"covered":29,"skipped":0,"pct":78.37},"functions":{"total":13,"covered":9,"skipped":0,"pct":69.23},"statements":{"total":37,"covered":29,"skipped":0,"pct":78.37},"branches":{"total":22,"covered":17,"skipped":0,"pct":77.27}}
,"/Users/jeffreyhu/DEV/lovcode/src/components/ui/button.tsx": {"lines":{"total":5,"covered":5,"skipped":0,"pct":100},"functions":{"total":1,"covered":1,"skipped":0,"pct":100},"statements":{"total":5,"covered":5,"skipped":0,"pct":100},"branches":{"total":3,"covered":3,"skipped":0,"pct":100}}
,"/Users/jeffreyhu/DEV/lovcode/src/hooks/useAppNavigation.ts": {"lines":{"total":65,"covered":43,"skipped":0,"pct":66.15},"functions":{"total":10,"covered":10,"skipped":0,"pct":100},"statements":{"total":65,"covered":43,"skipped":0,"pct":66.15},"branches":{"total":45,"covered":20,"skipped":0,"pct":44.44}}
,"/Users/jeffreyhu/DEV/lovcode/src/hooks/useNavigate.ts": {"lines":{"total":12,"covered":12,"skipped":0,"pct":100},"functions":{"total":3,"covered":3,"skipped":0,"pct":100},"statements":{"total":12,"covered":12,"skipped":0,"pct":100},"branches":{"total":2,"covered":2,"skipped":0,"pct":100}}
,"/Users/jeffreyhu/DEV/lovcode/src/lib/errorHandler.ts": {"lines":{"total":12,"covered":12,"skipped":0,"pct":100},"functions":{"total":5,"covered":5,"skipped":0,"pct":100},"statements":{"total":12,"covered":12,"skipped":0,"pct":100},"branches":{"total":14,"covered":11,"skipped":0,"pct":78.57}}
,"/Users/jeffreyhu/DEV/lovcode/src/lib/utils.ts": {"lines":{"total":4,"covered":4,"skipped":0,"pct":100},"functions":{"total":2,"covered":2,"skipped":0,"pct":100},"statements":{"total":4,"covered":4,"skipped":0,"pct":100},"branches":{"total":0,"covered":0,"skipped":0,"pct":100}}
,"/Users/jeffreyhu/DEV/lovcode/src/store/index.ts": {"lines":{"total":0,"covered":0,"skipped":0,"pct":100},"functions":{"total":0,"covered":0,"skipped":0,"pct":100},"statements":{"total":0,"covered":0,"skipped":0,"pct":100},"branches":{"total":0,"covered":0,"skipped":0,"pct":100}}
,"/Users/jeffreyhu/DEV/lovcode/src/store/atoms/app.ts": {"lines":{"total":6,"covered":6,"skipped":0,"pct":100},"functions":{"total":0,"covered":0,"skipped":0,"pct":100},"statements":{"total":6,"covered":6,"skipped":0,"pct":100},"branches":{"total":0,"covered":0,"skipped":0,"pct":100}}
,"/Users/jeffreyhu/DEV/lovcode/src/store/atoms/chat.ts": {"lines":{"total":9,"covered":9,"skipped":0,"pct":100},"functions":{"total":0,"covered":0,"skipped":0,"pct":100},"statements":{"total":9,"covered":9,"skipped":0,"pct":100},"branches":{"total":0,"covered":0,"skipped":0,"pct":100}}
,"/Users/jeffreyhu/DEV/lovcode/src/store/atoms/commands.ts": {"lines":{"total":5,"covered":5,"skipped":0,"pct":100},"functions":{"total":0,"covered":0,"skipped":0,"pct":100},"statements":{"total":5,"covered":5,"skipped":0,"pct":100},"branches":{"total":0,"covered":0,"skipped":0,"pct":100}}
,"/Users/jeffreyhu/DEV/lovcode/src/store/atoms/components.ts": {"lines":{"total":2,"covered":2,"skipped":0,"pct":100},"functions":{"total":0,"covered":0,"skipped":0,"pct":100},"statements":{"total":2,"covered":2,"skipped":0,"pct":100},"branches":{"total":0,"covered":0,"skipped":0,"pct":100}}
,"/Users/jeffreyhu/DEV/lovcode/src/store/atoms/fileTree.ts": {"lines":{"total":1,"covered":1,"skipped":0,"pct":100},"functions":{"total":0,"covered":0,"skipped":0,"pct":100},"statements":{"total":1,"covered":1,"skipped":0,"pct":100},"branches":{"total":0,"covered":0,"skipped":0,"pct":100}}
,"/Users/jeffreyhu/DEV/lovcode/src/store/atoms/home.ts": {"lines":{"total":3,"covered":3,"skipped":0,"pct":100},"functions":{"total":0,"covered":0,"skipped":0,"pct":100},"statements":{"total":3,"covered":3,"skipped":0,"pct":100},"branches":{"total":0,"covered":0,"skipped":0,"pct":100}}
,"/Users/jeffreyhu/DEV/lovcode/src/store/atoms/knowledge.ts": {"lines":{"total":3,"covered":3,"skipped":0,"pct":100},"functions":{"total":0,"covered":0,"skipped":0,"pct":100},"statements":{"total":3,"covered":3,"skipped":0,"pct":100},"branches":{"total":0,"covered":0,"skipped":0,"pct":100}}
,"/Users/jeffreyhu/DEV/lovcode/src/store/atoms/settings.ts": {"lines":{"total":2,"covered":2,"skipped":0,"pct":100},"functions":{"total":0,"covered":0,"skipped":0,"pct":100},"statements":{"total":2,"covered":2,"skipped":0,"pct":100},"branches":{"total":0,"covered":0,"skipped":0,"pct":100}}
,"/Users/jeffreyhu/DEV/lovcode/src/store/atoms/ui.ts": {"lines":{"total":22,"covered":11,"skipped":0,"pct":50},"functions":{"total":6,"covered":3,"skipped":0,"pct":50},"statements":{"total":22,"covered":11,"skipped":0,"pct":50},"branches":{"total":8,"covered":1,"skipped":0,"pct":12.5}}
,"/Users/jeffreyhu/DEV/lovcode/src/store/atoms/workspace.ts": {"lines":{"total":8,"covered":8,"skipped":0,"pct":100},"functions":{"total":0,"covered":0,"skipped":0,"pct":100},"statements":{"total":8,"covered":8,"skipped":0,"pct":100},"branches":{"total":0,"covered":0,"skipped":0,"pct":100}}
}
