{"/Users/jeffreyhu/DEV/lovcode/src/components/ErrorBoundary.tsx": {"path":"/Users/jeffreyhu/DEV/lovcode/src/components/ErrorBoundary.tsx","statementMap":{"0":{"start":{"line":60,"column":16},"end":{"line":66,"column":null}},"1":{"start":{"line":68,"column":17},"end":{"line":70,"column":null}},"2":{"start":{"line":35,"column":4},"end":{"line":35,"column":null}},"3":{"start":{"line":36,"column":4},"end":{"line":40,"column":null}},"4":{"start":{"line":44,"column":4},"end":{"line":44,"column":null}},"5":{"start":{"line":48,"column":4},"end":{"line":48,"column":null}},"6":{"start":{"line":51,"column":4},"end":{"line":51,"column":null}},"7":{"start":{"line":54,"column":4},"end":{"line":57,"column":null}},"8":{"start":{"line":55,"column":6},"end":{"line":55,"column":null}},"9":{"start":{"line":56,"column":6},"end":{"line":56,"column":null}},"10":{"start":{"line":61,"column":4},"end":{"line":65,"column":null}},"11":{"start":{"line":69,"column":4},"end":{"line":69,"column":null}},"12":{"start":{"line":73,"column":43},"end":{"line":73,"column":null}},"13":{"start":{"line":74,"column":70},"end":{"line":74,"column":null}},"14":{"start":{"line":76,"column":4},"end":{"line":121,"column":null}},"15":{"start":{"line":78,"column":6},"end":{"line":80,"column":null}},"16":{"start":{"line":79,"column":8},"end":{"line":79,"column":null}},"17":{"start":{"line":83,"column":6},"end":{"line":119,"column":null}},"18":{"start":{"line":123,"column":4},"end":{"line":123,"column":null}},"19":{"start":{"line":163,"column":16},"end":{"line":169,"column":null}},"20":{"start":{"line":142,"column":4},"end":{"line":142,"column":null}},"21":{"start":{"line":143,"column":4},"end":{"line":147,"column":null}},"22":{"start":{"line":151,"column":4},"end":{"line":151,"column":null}},"23":{"start":{"line":155,"column":4},"end":{"line":155,"column":null}},"24":{"start":{"line":156,"column":4},"end":{"line":156,"column":null}},"25":{"start":{"line":158,"column":4},"end":{"line":160,"column":null}},"26":{"start":{"line":159,"column":6},"end":{"line":159,"column":null}},"27":{"start":{"line":164,"column":4},"end":{"line":168,"column":null}},"28":{"start":{"line":172,"column":32},"end":{"line":172,"column":null}},"29":{"start":{"line":173,"column":38},"end":{"line":173,"column":null}},"30":{"start":{"line":175,"column":4},"end":{"line":191,"column":null}},"31":{"start":{"line":176,"column":6},"end":{"line":189,"column":null}},"32":{"start":{"line":193,"column":4},"end":{"line":193,"column":null}},"33":{"start":{"line":205,"column":41},"end":{"line":208,"column":null}},"34":{"start":{"line":206,"column":4},"end":{"line":208,"column":null}},"35":{"start":{"line":211,"column":2},"end":{"line":211,"column":null}},"36":{"start":{"line":213,"column":2},"end":{"line":213,"column":null}}},"fnMap":{"0":{"name":"(anonymous_0)","decl":{"start":{"line":34,"column":2},"end":{"line":34,"column":14}},"loc":{"start":{"line":34,"column":41},"end":{"line":41,"column":null}},"line":34},"1":{"name":"(anonymous_1)","decl":{"start":{"line":43,"column":9},"end":{"line":43,"column":34}},"loc":{"start":{"line":43,"column":77},"end":{"line":45,"column":null}},"line":43},"2":{"name":"(anonymous_2)","decl":{"start":{"line":47,"column":2},"end":{"line":47,"column":20}},"loc":{"start":{"line":47,"column":62},"end":{"line":58,"column":null}},"line":47},"3":{"name":"(anonymous_3)","decl":{"start":{"line":60,"column":16},"end":{"line":60,"column":28}},"loc":{"start":{"line":60,"column":28},"end":{"line":66,"column":null}},"line":60},"4":{"name":"(anonymous_4)","decl":{"start":{"line":68,"column":17},"end":{"line":68,"column":29}},"loc":{"start":{"line":68,"column":29},"end":{"line":70,"column":null}},"line":68},"5":{"name":"(anonymous_5)","decl":{"start":{"line":72,"column":2},"end":{"line":72,"column":22}},"loc":{"start":{"line":72,"column":22},"end":{"line":124,"column":null}},"line":72},"6":{"name":"(anonymous_6)","decl":{"start":{"line":141,"column":2},"end":{"line":141,"column":14}},"loc":{"start":{"line":141,"column":48},"end":{"line":148,"column":null}},"line":141},"7":{"name":"(anonymous_7)","decl":{"start":{"line":150,"column":9},"end":{"line":150,"column":34}},"loc":{"start":{"line":150,"column":77},"end":{"line":152,"column":null}},"line":150},"8":{"name":"(anonymous_8)","decl":{"start":{"line":154,"column":2},"end":{"line":154,"column":20}},"loc":{"start":{"line":154,"column":62},"end":{"line":161,"column":null}},"line":154},"9":{"name":"(anonymous_9)","decl":{"start":{"line":163,"column":16},"end":{"line":163,"column":28}},"loc":{"start":{"line":163,"column":28},"end":{"line":169,"column":null}},"line":163},"10":{"name":"(anonymous_10)","decl":{"start":{"line":171,"column":2},"end":{"line":171,"column":22}},"loc":{"start":{"line":171,"column":22},"end":{"line":194,"column":null}},"line":171},"11":{"name":"withErrorBoundary","decl":{"start":{"line":201,"column":16},"end":{"line":201,"column":null}},"loc":{"start":{"line":204,"column":15},"end":{"line":214,"column":null}},"line":204},"12":{"name":"(anonymous_12)","decl":{"start":{"line":205,"column":41},"end":{"line":205,"column":42}},"loc":{"start":{"line":206,"column":4},"end":{"line":208,"column":null}},"line":206}},"branchMap":{"0":{"loc":{"start":{"line":54,"column":4},"end":{"line":57,"column":null}},"type":"if","locations":[{"start":{"line":54,"column":4},"end":{"line":57,"column":null}},{"start":{},"end":{}}],"line":54},"1":{"loc":{"start":{"line":74,"column":32},"end":{"line":74,"column":66}},"type":"default-arg","locations":[{"start":{"line":74,"column":46},"end":{"line":74,"column":66}}],"line":74},"2":{"loc":{"start":{"line":76,"column":4},"end":{"line":121,"column":null}},"type":"if","locations":[{"start":{"line":76,"column":4},"end":{"line":121,"column":null}},{"start":{},"end":{}}],"line":76},"3":{"loc":{"start":{"line":78,"column":6},"end":{"line":80,"column":null}},"type":"if","locations":[{"start":{"line":78,"column":6},"end":{"line":80,"column":null}},{"start":{},"end":{}}],"line":78},"4":{"loc":{"start":{"line":102,"column":11},"end":{"line":117,"column":null}},"type":"binary-expr","locations":[{"start":{"line":102,"column":11},"end":{"line":102,"column":26}},{"start":{"line":102,"column":26},"end":{"line":102,"column":null}},{"start":{"line":103,"column":12},"end":{"line":117,"column":null}}],"line":102},"5":{"loc":{"start":{"line":111,"column":17},"end":{"line":114,"column":null}},"type":"binary-expr","locations":[{"start":{"line":111,"column":17},"end":{"line":111,"column":null}},{"start":{"line":112,"column":18},"end":{"line":114,"column":null}}],"line":111},"6":{"loc":{"start":{"line":158,"column":4},"end":{"line":160,"column":null}},"type":"if","locations":[{"start":{"line":158,"column":4},"end":{"line":160,"column":null}},{"start":{},"end":{}}],"line":158},"7":{"loc":{"start":{"line":175,"column":4},"end":{"line":191,"column":null}},"type":"if","locations":[{"start":{"line":175,"column":4},"end":{"line":191,"column":null}},{"start":{},"end":{}}],"line":175},"8":{"loc":{"start":{"line":181,"column":11},"end":{"line":184,"column":null}},"type":"binary-expr","locations":[{"start":{"line":181,"column":11},"end":{"line":181,"column":34}},{"start":{"line":181,"column":34},"end":{"line":181,"column":null}},{"start":{"line":182,"column":12},"end":{"line":184,"column":null}}],"line":181},"9":{"loc":{"start":{"line":211,"column":55},"end":{"line":211,"column":123}},"type":"binary-expr","locations":[{"start":{"line":211,"column":55},"end":{"line":211,"column":87}},{"start":{"line":211,"column":87},"end":{"line":211,"column":112}},{"start":{"line":211,"column":112},"end":{"line":211,"column":123}}],"line":211}},"s":{"0":1,"1":0,"2":12,"3":12,"4":10,"5":5,"6":5,"7":5,"8":5,"9":5,"10":1,"11":0,"12":28,"13":28,"14":28,"15":15,"16":3,"17":12,"18":13,"19":0,"20":6,"21":6,"22":4,"23":2,"24":2,"25":2,"26":2,"27":0,"28":11,"29":11,"30":11,"31":6,"32":5,"33":0,"34":0,"35":0,"36":0},"f":{"0":12,"1":11,"2":5,"3":1,"4":0,"5":28,"6":6,"7":5,"8":2,"9":0,"10":11,"11":0,"12":0},"b":{"0":[5,0],"1":[28],"2":[15,13],"3":[3,12],"4":[12,12,12],"5":[12,4],"6":[2,0],"7":[6,5],"8":[6,6,6],"9":[0,0,0]},"meta":{"lastBranch":10,"lastFunction":13,"lastStatement":37,"seen":{"s:60:16:66:Infinity":0,"s:68:17:70:Infinity":1,"f:34:2:34:14":0,"s:35:4:35:Infinity":2,"s:36:4:40:Infinity":3,"f:43:9:43:34":1,"s:44:4:44:Infinity":4,"f:47:2:47:20":2,"s:48:4:48:Infinity":5,"s:51:4:51:Infinity":6,"b:54:4:57:Infinity:undefined:undefined:undefined:undefined":0,"s:54:4:57:Infinity":7,"s:55:6:55:Infinity":8,"s:56:6:56:Infinity":9,"f:60:16:60:28":3,"s:61:4:65:Infinity":10,"f:68:17:68:29":4,"s:69:4:69:Infinity":11,"f:72:2:72:22":5,"s:73:43:73:Infinity":12,"s:74:70:74:Infinity":13,"b:74:46:74:66":1,"b:76:4:121:Infinity:undefined:undefined:undefined:undefined":2,"s:76:4:121:Infinity":14,"b:78:6:80:Infinity:undefined:undefined:undefined:undefined":3,"s:78:6:80:Infinity":15,"s:79:8:79:Infinity":16,"s:83:6:119:Infinity":17,"b:102:11:102:26:102:26:102:Infinity:103:12:117:Infinity":4,"b:111:17:111:Infinity:112:18:114:Infinity":5,"s:123:4:123:Infinity":18,"s:163:16:169:Infinity":19,"f:141:2:141:14":6,"s:142:4:142:Infinity":20,"s:143:4:147:Infinity":21,"f:150:9:150:34":7,"s:151:4:151:Infinity":22,"f:154:2:154:20":8,"s:155:4:155:Infinity":23,"s:156:4:156:Infinity":24,"b:158:4:160:Infinity:undefined:undefined:undefined:undefined":6,"s:158:4:160:Infinity":25,"s:159:6:159:Infinity":26,"f:163:16:163:28":9,"s:164:4:168:Infinity":27,"f:171:2:171:22":10,"s:172:32:172:Infinity":28,"s:173:38:173:Infinity":29,"b:175:4:191:Infinity:undefined:undefined:undefined:undefined":7,"s:175:4:191:Infinity":30,"s:176:6:189:Infinity":31,"b:181:11:181:34:181:34:181:Infinity:182:12:184:Infinity":8,"s:193:4:193:Infinity":32,"f:201:16:201:Infinity":11,"s:205:41:208:Infinity":33,"f:205:41:205:42":12,"s:206:4:208:Infinity":34,"s:211:2:211:Infinity":35,"b:211:55:211:87:211:87:211:112:211:112:211:123":9,"s:213:2:213:Infinity":36}}}
,"/Users/jeffreyhu/DEV/lovcode/src/components/ui/button.tsx": {"path":"/Users/jeffreyhu/DEV/lovcode/src/components/ui/button.tsx","statementMap":{"0":{"start":{"line":9,"column":13},"end":{"line":43,"column":null}},"1":{"start":{"line":11,"column":27},"end":{"line":18,"column":null}},"2":{"start":{"line":20,"column":24},"end":{"line":25,"column":null}},"3":{"start":{"line":27,"column":4},"end":{"line":40,"column":null}},"4":{"start":{"line":45,"column":0},"end":{"line":45,"column":null}}},"fnMap":{"0":{"name":"(anonymous_0)","decl":{"start":{"line":10,"column":2},"end":{"line":10,"column":3}},"loc":{"start":{"line":10,"column":80},"end":{"line":42,"column":null}},"line":10}},"branchMap":{"0":{"loc":{"start":{"line":10,"column":5},"end":{"line":10,"column":21}},"type":"default-arg","locations":[{"start":{"line":10,"column":17},"end":{"line":10,"column":21}}],"line":10},"1":{"loc":{"start":{"line":10,"column":21},"end":{"line":10,"column":42}},"type":"default-arg","locations":[{"start":{"line":10,"column":31},"end":{"line":10,"column":42}}],"line":10},"2":{"loc":{"start":{"line":10,"column":42},"end":{"line":10,"column":60}},"type":"default-arg","locations":[{"start":{"line":10,"column":49},"end":{"line":10,"column":60}}],"line":10}},"s":{"0":1,"1":30,"2":30,"3":30,"4":1},"f":{"0":30},"b":{"0":[30],"1":[30],"2":[30]},"meta":{"lastBranch":3,"lastFunction":1,"lastStatement":5,"seen":{"s:9:13:43:Infinity":0,"f:10:2:10:3":0,"b:10:17:10:21":0,"b:10:31:10:42":1,"b:10:49:10:60":2,"s:11:27:18:Infinity":1,"s:20:24:25:Infinity":2,"s:27:4:40:Infinity":3,"s:45:0:45:Infinity":4}}}
,"/Users/jeffreyhu/DEV/lovcode/src/hooks/useAppNavigation.ts": {"path":"/Users/jeffreyhu/DEV/lovcode/src/hooks/useAppNavigation.ts","statementMap":{"0":{"start":{"line":19,"column":20},"end":{"line":19,"column":null}},"1":{"start":{"line":22,"column":13},"end":{"line":22,"column":null}},"2":{"start":{"line":23,"column":20},"end":{"line":23,"column":null}},"3":{"start":{"line":24,"column":21},"end":{"line":24,"column":null}},"4":{"start":{"line":25,"column":29},"end":{"line":25,"column":null}},"5":{"start":{"line":26,"column":28},"end":{"line":26,"column":null}},"6":{"start":{"line":28,"column":8},"end":{"line":42,"column":null}},"7":{"start":{"line":30,"column":6},"end":{"line":39,"column":null}},"8":{"start":{"line":31,"column":27},"end":{"line":31,"column":null}},"9":{"start":{"line":32,"column":8},"end":{"line":32,"column":null}},"10":{"start":{"line":33,"column":23},"end":{"line":33,"column":null}},"11":{"start":{"line":34,"column":8},"end":{"line":37,"column":null}},"12":{"start":{"line":35,"column":10},"end":{"line":35,"column":null}},"13":{"start":{"line":36,"column":10},"end":{"line":36,"column":null}},"14":{"start":{"line":38,"column":8},"end":{"line":38,"column":null}},"15":{"start":{"line":44,"column":20},"end":{"line":44,"column":null}},"16":{"start":{"line":45,"column":23},"end":{"line":45,"column":null}},"17":{"start":{"line":47,"column":8},"end":{"line":54,"column":null}},"18":{"start":{"line":48,"column":4},"end":{"line":53,"column":null}},"19":{"start":{"line":49,"column":6},"end":{"line":51,"column":null}},"20":{"start":{"line":50,"column":8},"end":{"line":50,"column":null}},"21":{"start":{"line":52,"column":6},"end":{"line":52,"column":null}},"22":{"start":{"line":56,"column":8},"end":{"line":63,"column":null}},"23":{"start":{"line":57,"column":4},"end":{"line":62,"column":null}},"24":{"start":{"line":58,"column":6},"end":{"line":60,"column":null}},"25":{"start":{"line":59,"column":8},"end":{"line":59,"column":null}},"26":{"start":{"line":61,"column":6},"end":{"line":61,"column":null}},"27":{"start":{"line":66,"column":45},"end":{"line":66,"column":null}},"28":{"start":{"line":68,"column":8},"end":{"line":74,"column":null}},"29":{"start":{"line":70,"column":23},"end":{"line":70,"column":null}},"30":{"start":{"line":71,"column":6},"end":{"line":71,"column":null}},"31":{"start":{"line":76,"column":2},"end":{"line":85,"column":null}},"32":{"start":{"line":89,"column":2},"end":{"line":130,"column":null}},"33":{"start":{"line":93,"column":6},"end":{"line":93,"column":null}},"34":{"start":{"line":95,"column":6},"end":{"line":95,"column":null}},"35":{"start":{"line":97,"column":6},"end":{"line":97,"column":null}},"36":{"start":{"line":99,"column":6},"end":{"line":99,"column":null}},"37":{"start":{"line":102,"column":6},"end":{"line":102,"column":null}},"38":{"start":{"line":104,"column":6},"end":{"line":104,"column":null}},"39":{"start":{"line":107,"column":6},"end":{"line":107,"column":null}},"40":{"start":{"line":109,"column":6},"end":{"line":109,"column":null}},"41":{"start":{"line":112,"column":6},"end":{"line":112,"column":null}},"42":{"start":{"line":114,"column":6},"end":{"line":114,"column":null}},"43":{"start":{"line":116,"column":6},"end":{"line":116,"column":null}},"44":{"start":{"line":119,"column":6},"end":{"line":119,"column":null}},"45":{"start":{"line":122,"column":6},"end":{"line":122,"column":null}},"46":{"start":{"line":125,"column":6},"end":{"line":125,"column":null}},"47":{"start":{"line":127,"column":6},"end":{"line":127,"column":null}},"48":{"start":{"line":129,"column":6},"end":{"line":129,"column":null}},"49":{"start":{"line":137,"column":2},"end":{"line":168,"column":null}},"50":{"start":{"line":139,"column":6},"end":{"line":139,"column":null}},"51":{"start":{"line":141,"column":6},"end":{"line":141,"column":null}},"52":{"start":{"line":143,"column":6},"end":{"line":143,"column":null}},"53":{"start":{"line":145,"column":6},"end":{"line":145,"column":null}},"54":{"start":{"line":147,"column":6},"end":{"line":147,"column":null}},"55":{"start":{"line":149,"column":6},"end":{"line":149,"column":null}},"56":{"start":{"line":151,"column":6},"end":{"line":151,"column":null}},"57":{"start":{"line":153,"column":6},"end":{"line":153,"column":null}},"58":{"start":{"line":155,"column":6},"end":{"line":155,"column":null}},"59":{"start":{"line":157,"column":6},"end":{"line":157,"column":null}},"60":{"start":{"line":159,"column":6},"end":{"line":159,"column":null}},"61":{"start":{"line":161,"column":6},"end":{"line":161,"column":null}},"62":{"start":{"line":163,"column":6},"end":{"line":163,"column":null}},"63":{"start":{"line":165,"column":6},"end":{"line":165,"column":null}},"64":{"start":{"line":167,"column":6},"end":{"line":167,"column":null}}},"fnMap":{"0":{"name":"useAppNavigation","decl":{"start":{"line":21,"column":16},"end":{"line":21,"column":35}},"loc":{"start":{"line":21,"column":35},"end":{"line":86,"column":null}},"line":21},"1":{"name":"(anonymous_1)","decl":{"start":{"line":29,"column":4},"end":{"line":29,"column":5}},"loc":{"start":{"line":29,"column":23},"end":{"line":40,"column":null}},"line":29},"2":{"name":"(anonymous_2)","decl":{"start":{"line":30,"column":25},"end":{"line":30,"column":26}},"loc":{"start":{"line":30,"column":35},"end":{"line":39,"column":7}},"line":30},"3":{"name":"(anonymous_3)","decl":{"start":{"line":47,"column":29},"end":{"line":47,"column":35}},"loc":{"start":{"line":47,"column":35},"end":{"line":54,"column":5}},"line":47},"4":{"name":"(anonymous_4)","decl":{"start":{"line":48,"column":23},"end":{"line":48,"column":24}},"loc":{"start":{"line":48,"column":33},"end":{"line":53,"column":5}},"line":48},"5":{"name":"(anonymous_5)","decl":{"start":{"line":56,"column":32},"end":{"line":56,"column":38}},"loc":{"start":{"line":56,"column":38},"end":{"line":63,"column":5}},"line":56},"6":{"name":"(anonymous_6)","decl":{"start":{"line":57,"column":23},"end":{"line":57,"column":24}},"loc":{"start":{"line":57,"column":33},"end":{"line":62,"column":5}},"line":57},"7":{"name":"(anonymous_7)","decl":{"start":{"line":69,"column":4},"end":{"line":69,"column":5}},"loc":{"start":{"line":69,"column":30},"end":{"line":72,"column":null}},"line":69},"8":{"name":"computeCurrentFeature","decl":{"start":{"line":88,"column":9},"end":{"line":88,"column":31}},"loc":{"start":{"line":88,"column":63},"end":{"line":131,"column":null}},"line":88},"9":{"name":"featureToViewType","decl":{"start":{"line":133,"column":9},"end":{"line":133,"column":null}},"loc":{"start":{"line":136,"column":8},"end":{"line":169,"column":null}},"line":136}},"branchMap":{"0":{"loc":{"start":{"line":34,"column":8},"end":{"line":37,"column":null}},"type":"if","locations":[{"start":{"line":34,"column":8},"end":{"line":37,"column":null}},{"start":{},"end":{}}],"line":34},"1":{"loc":{"start":{"line":49,"column":6},"end":{"line":51,"column":null}},"type":"if","locations":[{"start":{"line":49,"column":6},"end":{"line":51,"column":null}},{"start":{},"end":{}}],"line":49},"2":{"loc":{"start":{"line":58,"column":6},"end":{"line":60,"column":null}},"type":"if","locations":[{"start":{"line":58,"column":6},"end":{"line":60,"column":null}},{"start":{},"end":{}}],"line":58},"3":{"loc":{"start":{"line":89,"column":2},"end":{"line":130,"column":null}},"type":"switch","locations":[{"start":{"line":90,"column":4},"end":{"line":90,"column":null}},{"start":{"line":91,"column":4},"end":{"line":91,"column":null}},{"start":{"line":92,"column":4},"end":{"line":93,"column":null}},{"start":{"line":94,"column":4},"end":{"line":95,"column":null}},{"start":{"line":96,"column":4},"end":{"line":97,"column":null}},{"start":{"line":98,"column":4},"end":{"line":99,"column":null}},{"start":{"line":100,"column":4},"end":{"line":100,"column":null}},{"start":{"line":101,"column":4},"end":{"line":102,"column":null}},{"start":{"line":103,"column":4},"end":{"line":104,"column":null}},{"start":{"line":105,"column":4},"end":{"line":105,"column":null}},{"start":{"line":106,"column":4},"end":{"line":107,"column":null}},{"start":{"line":108,"column":4},"end":{"line":109,"column":null}},{"start":{"line":110,"column":4},"end":{"line":110,"column":null}},{"start":{"line":111,"column":4},"end":{"line":112,"column":null}},{"start":{"line":113,"column":4},"end":{"line":114,"column":null}},{"start":{"line":115,"column":4},"end":{"line":116,"column":null}},{"start":{"line":117,"column":4},"end":{"line":117,"column":null}},{"start":{"line":118,"column":4},"end":{"line":119,"column":null}},{"start":{"line":120,"column":4},"end":{"line":120,"column":null}},{"start":{"line":121,"column":4},"end":{"line":122,"column":null}},{"start":{"line":123,"column":4},"end":{"line":123,"column":null}},{"start":{"line":124,"column":4},"end":{"line":125,"column":null}},{"start":{"line":126,"column":4},"end":{"line":127,"column":null}},{"start":{"line":128,"column":4},"end":{"line":129,"column":null}}],"line":89},"4":{"loc":{"start":{"line":137,"column":2},"end":{"line":168,"column":null}},"type":"switch","locations":[{"start":{"line":138,"column":4},"end":{"line":139,"column":null}},{"start":{"line":140,"column":4},"end":{"line":141,"column":null}},{"start":{"line":142,"column":4},"end":{"line":143,"column":null}},{"start":{"line":144,"column":4},"end":{"line":145,"column":null}},{"start":{"line":146,"column":4},"end":{"line":147,"column":null}},{"start":{"line":148,"column":4},"end":{"line":149,"column":null}},{"start":{"line":150,"column":4},"end":{"line":151,"column":null}},{"start":{"line":152,"column":4},"end":{"line":153,"column":null}},{"start":{"line":154,"column":4},"end":{"line":155,"column":null}},{"start":{"line":156,"column":4},"end":{"line":157,"column":null}},{"start":{"line":158,"column":4},"end":{"line":159,"column":null}},{"start":{"line":160,"column":4},"end":{"line":161,"column":null}},{"start":{"line":162,"column":4},"end":{"line":163,"column":null}},{"start":{"line":164,"column":4},"end":{"line":165,"column":null}},{"start":{"line":166,"column":4},"end":{"line":167,"column":null}}],"line":137}},"s":{"0":1,"1":49,"2":49,"3":49,"4":49,"5":49,"6":49,"7":7,"8":7,"9":7,"10":7,"11":7,"12":0,"13":0,"14":7,"15":49,"16":49,"17":49,"18":2,"19":2,"20":1,"21":1,"22":49,"23":2,"24":2,"25":1,"26":1,"27":49,"28":49,"29":4,"30":4,"31":49,"32":49,"33":6,"34":3,"35":0,"36":8,"37":2,"38":2,"39":0,"40":0,"41":0,"42":0,"43":0,"44":0,"45":0,"46":1,"47":0,"48":27,"49":4,"50":1,"51":1,"52":0,"53":1,"54":0,"55":0,"56":0,"57":0,"58":0,"59":0,"60":0,"61":0,"62":0,"63":1,"64":0},"f":{"0":49,"1":7,"2":7,"3":2,"4":2,"5":2,"6":2,"7":4,"8":49,"9":4},"b":{"0":[0,7],"1":[1,1],"2":[1,1],"3":[4,6,6,3,0,8,2,2,2,0,0,0,0,0,0,0,0,0,0,0,1,1,0,27],"4":[1,1,0,1,0,0,0,0,0,0,0,0,0,1,0]},"meta":{"lastBranch":5,"lastFunction":10,"lastStatement":65,"seen":{"s:19:20:19:Infinity":0,"f:21:16:21:35":0,"s:22:13:22:Infinity":1,"s:23:20:23:Infinity":2,"s:24:21:24:Infinity":3,"s:25:29:25:Infinity":4,"s:26:28:26:Infinity":5,"s:28:8:42:Infinity":6,"f:29:4:29:5":1,"s:30:6:39:Infinity":7,"f:30:25:30:26":2,"s:31:27:31:Infinity":8,"s:32:8:32:Infinity":9,"s:33:23:33:Infinity":10,"b:34:8:37:Infinity:undefined:undefined:undefined:undefined":0,"s:34:8:37:Infinity":11,"s:35:10:35:Infinity":12,"s:36:10:36:Infinity":13,"s:38:8:38:Infinity":14,"s:44:20:44:Infinity":15,"s:45:23:45:Infinity":16,"s:47:8:54:Infinity":17,"f:47:29:47:35":3,"s:48:4:53:Infinity":18,"f:48:23:48:24":4,"b:49:6:51:Infinity:undefined:undefined:undefined:undefined":1,"s:49:6:51:Infinity":19,"s:50:8:50:Infinity":20,"s:52:6:52:Infinity":21,"s:56:8:63:Infinity":22,"f:56:32:56:38":5,"s:57:4:62:Infinity":23,"f:57:23:57:24":6,"b:58:6:60:Infinity:undefined:undefined:undefined:undefined":2,"s:58:6:60:Infinity":24,"s:59:8:59:Infinity":25,"s:61:6:61:Infinity":26,"s:66:45:66:Infinity":27,"s:68:8:74:Infinity":28,"f:69:4:69:5":7,"s:70:23:70:Infinity":29,"s:71:6:71:Infinity":30,"s:76:2:85:Infinity":31,"f:88:9:88:31":8,"b:90:4:90:Infinity:91:4:91:Infinity:92:4:93:Infinity:94:4:95:Infinity:96:4:97:Infinity:98:4:99:Infinity:100:4:100:Infinity:101:4:102:Infinity:103:4:104:Infinity:105:4:105:Infinity:106:4:107:Infinity:108:4:109:Infinity:110:4:110:Infinity:111:4:112:Infinity:113:4:114:Infinity:115:4:116:Infinity:117:4:117:Infinity:118:4:119:Infinity:120:4:120:Infinity:121:4:122:Infinity:123:4:123:Infinity:124:4:125:Infinity:126:4:127:Infinity:128:4:129:Infinity":3,"s:89:2:130:Infinity":32,"s:93:6:93:Infinity":33,"s:95:6:95:Infinity":34,"s:97:6:97:Infinity":35,"s:99:6:99:Infinity":36,"s:102:6:102:Infinity":37,"s:104:6:104:Infinity":38,"s:107:6:107:Infinity":39,"s:109:6:109:Infinity":40,"s:112:6:112:Infinity":41,"s:114:6:114:Infinity":42,"s:116:6:116:Infinity":43,"s:119:6:119:Infinity":44,"s:122:6:122:Infinity":45,"s:125:6:125:Infinity":46,"s:127:6:127:Infinity":47,"s:129:6:129:Infinity":48,"f:133:9:133:Infinity":9,"b:138:4:139:Infinity:140:4:141:Infinity:142:4:143:Infinity:144:4:145:Infinity:146:4:147:Infinity:148:4:149:Infinity:150:4:151:Infinity:152:4:153:Infinity:154:4:155:Infinity:156:4:157:Infinity:158:4:159:Infinity:160:4:161:Infinity:162:4:163:Infinity:164:4:165:Infinity:166:4:167:Infinity":4,"s:137:2:168:Infinity":49,"s:139:6:139:Infinity":50,"s:141:6:141:Infinity":51,"s:143:6:143:Infinity":52,"s:145:6:145:Infinity":53,"s:147:6:147:Infinity":54,"s:149:6:149:Infinity":55,"s:151:6:151:Infinity":56,"s:153:6:153:Infinity":57,"s:155:6:155:Infinity":58,"s:157:6:157:Infinity":59,"s:159:6:159:Infinity":60,"s:161:6:161:Infinity":61,"s:163:6:163:Infinity":62,"s:165:6:165:Infinity":63,"s:167:6:167:Infinity":64}}}
,"/Users/jeffreyhu/DEV/lovcode/src/hooks/useNavigate.ts": {"path":"/Users/jeffreyhu/DEV/lovcode/src/hooks/useNavigate.ts","statementMap":{"0":{"start":{"line":6,"column":20},"end":{"line":6,"column":null}},"1":{"start":{"line":9,"column":29},"end":{"line":9,"column":null}},"2":{"start":{"line":11,"column":8},"end":{"line":25,"column":null}},"3":{"start":{"line":12,"column":4},"end":{"line":24,"column":null}},"4":{"start":{"line":14,"column":25},"end":{"line":14,"column":null}},"5":{"start":{"line":15,"column":6},"end":{"line":15,"column":null}},"6":{"start":{"line":17,"column":21},"end":{"line":17,"column":null}},"7":{"start":{"line":18,"column":6},"end":{"line":21,"column":null}},"8":{"start":{"line":19,"column":8},"end":{"line":19,"column":null}},"9":{"start":{"line":20,"column":8},"end":{"line":20,"column":null}},"10":{"start":{"line":23,"column":6},"end":{"line":23,"column":null}},"11":{"start":{"line":27,"column":2},"end":{"line":27,"column":null}}},"fnMap":{"0":{"name":"useNavigate","decl":{"start":{"line":8,"column":16},"end":{"line":8,"column":30}},"loc":{"start":{"line":8,"column":30},"end":{"line":28,"column":null}},"line":8},"1":{"name":"(anonymous_1)","decl":{"start":{"line":11,"column":31},"end":{"line":11,"column":32}},"loc":{"start":{"line":11,"column":50},"end":{"line":25,"column":5}},"line":11},"2":{"name":"(anonymous_2)","decl":{"start":{"line":12,"column":23},"end":{"line":12,"column":31}},"loc":{"start":{"line":12,"column":31},"end":{"line":24,"column":5}},"line":12}},"branchMap":{"0":{"loc":{"start":{"line":18,"column":6},"end":{"line":21,"column":null}},"type":"if","locations":[{"start":{"line":18,"column":6},"end":{"line":21,"column":null}},{"start":{},"end":{}}],"line":18}},"s":{"0":1,"1":19,"2":19,"3":7,"4":7,"5":7,"6":7,"7":7,"8":1,"9":1,"10":7,"11":19},"f":{"0":19,"1":7,"2":7},"b":{"0":[1,6]},"meta":{"lastBranch":1,"lastFunction":3,"lastStatement":12,"seen":{"s:6:20:6:Infinity":0,"f:8:16:8:30":0,"s:9:29:9:Infinity":1,"s:11:8:25:Infinity":2,"f:11:31:11:32":1,"s:12:4:24:Infinity":3,"f:12:23:12:31":2,"s:14:25:14:Infinity":4,"s:15:6:15:Infinity":5,"s:17:21:17:Infinity":6,"b:18:6:21:Infinity:undefined:undefined:undefined:undefined":0,"s:18:6:21:Infinity":7,"s:19:8:19:Infinity":8,"s:20:8:20:Infinity":9,"s:23:6:23:Infinity":10,"s:27:2:27:Infinity":11}}}
,"/Users/jeffreyhu/DEV/lovcode/src/lib/errorHandler.ts": {"path":"/Users/jeffreyhu/DEV/lovcode/src/lib/errorHandler.ts","statementMap":{"0":{"start":{"line":30,"column":2},"end":{"line":49,"column":null}},"1":{"start":{"line":31,"column":64},"end":{"line":31,"column":null}},"2":{"start":{"line":32,"column":25},"end":{"line":32,"column":null}},"3":{"start":{"line":35,"column":4},"end":{"line":38,"column":null}},"4":{"start":{"line":36,"column":20},"end":{"line":36,"column":null}},"5":{"start":{"line":37,"column":6},"end":{"line":37,"column":null}},"6":{"start":{"line":45,"column":4},"end":{"line":48,"column":null}},"7":{"start":{"line":63,"column":2},"end":{"line":63,"column":null}},"8":{"start":{"line":70,"column":2},"end":{"line":72,"column":null}},"9":{"start":{"line":71,"column":4},"end":{"line":71,"column":null}},"10":{"start":{"line":80,"column":2},"end":{"line":82,"column":null}},"11":{"start":{"line":81,"column":4},"end":{"line":81,"column":null}}},"fnMap":{"0":{"name":"handleInvokeError","decl":{"start":{"line":29,"column":83},"end":{"line":29,"column":null}},"loc":{"start":{"line":29,"column":83},"end":{"line":50,"column":null}},"line":29},"1":{"name":"(anonymous_1)","decl":{"start":{"line":30,"column":9},"end":{"line":30,"column":10}},"loc":{"start":{"line":30,"column":29},"end":{"line":49,"column":null}},"line":30},"2":{"name":"logNonCriticalError","decl":{"start":{"line":62,"column":16},"end":{"line":62,"column":36}},"loc":{"start":{"line":62,"column":81},"end":{"line":64,"column":null}},"line":62},"3":{"name":"handleClipboardError","decl":{"start":{"line":69,"column":16},"end":{"line":69,"column":37}},"loc":{"start":{"line":69,"column":59},"end":{"line":74,"column":null}},"line":69},"4":{"name":"handlePtyResizeError","decl":{"start":{"line":79,"column":16},"end":{"line":79,"column":37}},"loc":{"start":{"line":79,"column":59},"end":{"line":84,"column":null}},"line":79}},"branchMap":{"0":{"loc":{"start":{"line":31,"column":23},"end":{"line":31,"column":45}},"type":"default-arg","locations":[{"start":{"line":31,"column":34},"end":{"line":31,"column":45}}],"line":31},"1":{"loc":{"start":{"line":31,"column":45},"end":{"line":31,"column":60}},"type":"default-arg","locations":[{"start":{"line":31,"column":54},"end":{"line":31,"column":60}}],"line":31},"2":{"loc":{"start":{"line":32,"column":25},"end":{"line":32,"column":null}},"type":"cond-expr","locations":[{"start":{"line":32,"column":50},"end":{"line":32,"column":66}},{"start":{"line":32,"column":66},"end":{"line":32,"column":null}}],"line":32},"3":{"loc":{"start":{"line":35,"column":4},"end":{"line":38,"column":null}},"type":"if","locations":[{"start":{"line":35,"column":4},"end":{"line":38,"column":null}},{"start":{},"end":{}}],"line":35},"4":{"loc":{"start":{"line":36,"column":20},"end":{"line":36,"column":null}},"type":"cond-expr","locations":[{"start":{"line":36,"column":43},"end":{"line":36,"column":59}},{"start":{"line":36,"column":59},"end":{"line":36,"column":null}}],"line":36},"5":{"loc":{"start":{"line":45,"column":4},"end":{"line":48,"column":null}},"type":"if","locations":[{"start":{"line":45,"column":4},"end":{"line":48,"column":null}},{"start":{},"end":{}}],"line":45},"6":{"loc":{"start":{"line":70,"column":2},"end":{"line":72,"column":null}},"type":"if","locations":[{"start":{"line":70,"column":2},"end":{"line":72,"column":null}},{"start":{},"end":{}}],"line":70},"7":{"loc":{"start":{"line":80,"column":2},"end":{"line":82,"column":null}},"type":"if","locations":[{"start":{"line":80,"column":2},"end":{"line":82,"column":null}},{"start":{},"end":{}}],"line":80}},"s":{"0":5,"1":5,"2":5,"3":5,"4":5,"5":5,"6":5,"7":1,"8":1,"9":1,"10":1,"11":1},"f":{"0":5,"1":5,"2":1,"3":1,"4":1},"b":{"0":[5],"1":[5],"2":[3,2],"3":[5,0],"4":[1,4],"5":[4,1],"6":[1,0],"7":[1,0]},"meta":{"lastBranch":8,"lastFunction":5,"lastStatement":12,"seen":{"f:29:83:29:Infinity":0,"s:30:2:49:Infinity":0,"f:30:9:30:10":1,"s:31:64:31:Infinity":1,"b:31:34:31:45":0,"b:31:54:31:60":1,"s:32:25:32:Infinity":2,"b:32:50:32:66:32:66:32:Infinity":2,"b:35:4:38:Infinity:undefined:undefined:undefined:undefined":3,"s:35:4:38:Infinity":3,"s:36:20:36:Infinity":4,"b:36:43:36:59:36:59:36:Infinity":4,"s:37:6:37:Infinity":5,"b:45:4:48:Infinity:undefined:undefined:undefined:undefined":5,"s:45:4:48:Infinity":6,"f:62:16:62:36":2,"s:63:2:63:Infinity":7,"f:69:16:69:37":3,"b:70:2:72:Infinity:undefined:undefined:undefined:undefined":6,"s:70:2:72:Infinity":8,"s:71:4:71:Infinity":9,"f:79:16:79:37":4,"b:80:2:82:Infinity:undefined:undefined:undefined:undefined":7,"s:80:2:82:Infinity":10,"s:81:4:81:Infinity":11}}}
,"/Users/jeffreyhu/DEV/lovcode/src/lib/utils.ts": {"path":"/Users/jeffreyhu/DEV/lovcode/src/lib/utils.ts","statementMap":{"0":{"start":{"line":5,"column":2},"end":{"line":5,"column":null}},"1":{"start":{"line":8,"column":25},"end":{"line":8,"column":null}},"2":{"start":{"line":11,"column":14},"end":{"line":11,"column":null}},"3":{"start":{"line":12,"column":2},"end":{"line":12,"column":null}}},"fnMap":{"0":{"name":"cn","decl":{"start":{"line":4,"column":16},"end":{"line":4,"column":22}},"loc":{"start":{"line":4,"column":44},"end":{"line":6,"column":null}},"line":4},"1":{"name":"isImageFile","decl":{"start":{"line":10,"column":16},"end":{"line":10,"column":28}},"loc":{"start":{"line":10,"column":55},"end":{"line":13,"column":null}},"line":10}},"branchMap":{},"s":{"0":8,"1":1,"2":24,"3":24},"f":{"0":8,"1":24},"b":{},"meta":{"lastBranch":0,"lastFunction":2,"lastStatement":4,"seen":{"f:4:16:4:22":0,"s:5:2:5:Infinity":0,"s:8:25:8:Infinity":1,"f:10:16:10:28":1,"s:11:14:11:Infinity":2,"s:12:2:12:Infinity":3}}}
,"/Users/jeffreyhu/DEV/lovcode/src/store/index.ts": {"path":"/Users/jeffreyhu/DEV/lovcode/src/store/index.ts","statementMap":{},"fnMap":{},"branchMap":{},"s":{},"f":{},"b":{},"meta":{"lastBranch":0,"lastFunction":0,"lastStatement":0,"seen":{}}}
,"/Users/jeffreyhu/DEV/lovcode/src/store/atoms/app.ts": {"path":"/Users/jeffreyhu/DEV/lovcode/src/store/atoms/app.ts","statementMap":{"0":{"start":{"line":5,"column":13},"end":{"line":5,"column":null}},"1":{"start":{"line":8,"column":13},"end":{"line":8,"column":null}},"2":{"start":{"line":11,"column":13},"end":{"line":11,"column":null}},"3":{"start":{"line":14,"column":13},"end":{"line":14,"column":null}},"4":{"start":{"line":18,"column":13},"end":{"line":18,"column":null}},"5":{"start":{"line":21,"column":13},"end":{"line":21,"column":null}}},"fnMap":{},"branchMap":{},"s":{"0":2,"1":2,"2":2,"3":2,"4":2,"5":2},"f":{},"b":{},"meta":{"lastBranch":0,"lastFunction":0,"lastStatement":6,"seen":{"s:5:13:5:Infinity":0,"s:8:13:8:Infinity":1,"s:11:13:11:Infinity":2,"s:14:13:14:Infinity":3,"s:18:13:18:Infinity":4,"s:21:13:21:Infinity":5}}}
,"/Users/jeffreyhu/DEV/lovcode/src/store/atoms/chat.ts": {"path":"/Users/jeffreyhu/DEV/lovcode/src/store/atoms/chat.ts","statementMap":{"0":{"start":{"line":4,"column":13},"end":{"line":4,"column":null}},"1":{"start":{"line":5,"column":13},"end":{"line":5,"column":null}},"2":{"start":{"line":8,"column":13},"end":{"line":8,"column":null}},"3":{"start":{"line":9,"column":13},"end":{"line":9,"column":null}},"4":{"start":{"line":10,"column":13},"end":{"line":10,"column":null}},"5":{"start":{"line":11,"column":13},"end":{"line":11,"column":null}},"6":{"start":{"line":14,"column":13},"end":{"line":14,"column":null}},"7":{"start":{"line":15,"column":13},"end":{"line":15,"column":null}},"8":{"start":{"line":16,"column":13},"end":{"line":16,"column":null}}},"fnMap":{},"branchMap":{},"s":{"0":2,"1":2,"2":2,"3":2,"4":2,"5":2,"6":2,"7":2,"8":2},"f":{},"b":{},"meta":{"lastBranch":0,"lastFunction":0,"lastStatement":9,"seen":{"s:4:13:4:Infinity":0,"s:5:13:5:Infinity":1,"s:8:13:8:Infinity":2,"s:9:13:9:Infinity":3,"s:10:13:10:Infinity":4,"s:11:13:11:Infinity":5,"s:14:13:14:Infinity":6,"s:15:13:15:Infinity":7,"s:16:13:16:Infinity":8}}}
,"/Users/jeffreyhu/DEV/lovcode/src/store/atoms/commands.ts": {"path":"/Users/jeffreyhu/DEV/lovcode/src/store/atoms/commands.ts","statementMap":{"0":{"start":{"line":3,"column":13},"end":{"line":3,"column":null}},"1":{"start":{"line":4,"column":13},"end":{"line":4,"column":null}},"2":{"start":{"line":5,"column":13},"end":{"line":5,"column":null}},"3":{"start":{"line":6,"column":13},"end":{"line":6,"column":null}},"4":{"start":{"line":7,"column":13},"end":{"line":7,"column":null}}},"fnMap":{},"branchMap":{},"s":{"0":2,"1":2,"2":2,"3":2,"4":2},"f":{},"b":{},"meta":{"lastBranch":0,"lastFunction":0,"lastStatement":5,"seen":{"s:3:13:3:Infinity":0,"s:4:13:4:Infinity":1,"s:5:13:5:Infinity":2,"s:6:13:6:Infinity":3,"s:7:13:7:Infinity":4}}}
,"/Users/jeffreyhu/DEV/lovcode/src/store/atoms/components.ts": {"path":"/Users/jeffreyhu/DEV/lovcode/src/store/atoms/components.ts","statementMap":{"0":{"start":{"line":4,"column":13},"end":{"line":4,"column":null}},"1":{"start":{"line":7,"column":13},"end":{"line":7,"column":null}}},"fnMap":{},"branchMap":{},"s":{"0":2,"1":2},"f":{},"b":{},"meta":{"lastBranch":0,"lastFunction":0,"lastStatement":2,"seen":{"s:4:13:4:Infinity":0,"s:7:13:7:Infinity":1}}}
,"/Users/jeffreyhu/DEV/lovcode/src/store/atoms/fileTree.ts": {"path":"/Users/jeffreyhu/DEV/lovcode/src/store/atoms/fileTree.ts","statementMap":{"0":{"start":{"line":4,"column":13},"end":{"line":4,"column":null}}},"fnMap":{},"branchMap":{},"s":{"0":2},"f":{},"b":{},"meta":{"lastBranch":0,"lastFunction":0,"lastStatement":1,"seen":{"s:4:13:4:Infinity":0}}}
,"/Users/jeffreyhu/DEV/lovcode/src/store/atoms/home.ts": {"path":"/Users/jeffreyhu/DEV/lovcode/src/store/atoms/home.ts","statementMap":{"0":{"start":{"line":3,"column":13},"end":{"line":3,"column":null}},"1":{"start":{"line":4,"column":13},"end":{"line":4,"column":null}},"2":{"start":{"line":5,"column":13},"end":{"line":5,"column":null}}},"fnMap":{},"branchMap":{},"s":{"0":2,"1":2,"2":2},"f":{},"b":{},"meta":{"lastBranch":0,"lastFunction":0,"lastStatement":3,"seen":{"s:3:13:3:Infinity":0,"s:4:13:4:Infinity":1,"s:5:13:5:Infinity":2}}}
,"/Users/jeffreyhu/DEV/lovcode/src/store/atoms/knowledge.ts": {"path":"/Users/jeffreyhu/DEV/lovcode/src/store/atoms/knowledge.ts","statementMap":{"0":{"start":{"line":4,"column":13},"end":{"line":7,"column":null}},"1":{"start":{"line":9,"column":13},"end":{"line":12,"column":null}},"2":{"start":{"line":14,"column":13},"end":{"line":17,"column":null}}},"fnMap":{},"branchMap":{},"s":{"0":2,"1":2,"2":2},"f":{},"b":{},"meta":{"lastBranch":0,"lastFunction":0,"lastStatement":3,"seen":{"s:4:13:7:Infinity":0,"s:9:13:12:Infinity":1,"s:14:13:17:Infinity":2}}}
,"/Users/jeffreyhu/DEV/lovcode/src/store/atoms/settings.ts": {"path":"/Users/jeffreyhu/DEV/lovcode/src/store/atoms/settings.ts","statementMap":{"0":{"start":{"line":4,"column":13},"end":{"line":7,"column":null}},"1":{"start":{"line":9,"column":13},"end":{"line":12,"column":null}}},"fnMap":{},"branchMap":{},"s":{"0":2,"1":2},"f":{},"b":{},"meta":{"lastBranch":0,"lastFunction":0,"lastStatement":2,"seen":{"s:4:13:7:Infinity":0,"s:9:13:12:Infinity":1}}}
,"/Users/jeffreyhu/DEV/lovcode/src/store/atoms/ui.ts": {"path":"/Users/jeffreyhu/DEV/lovcode/src/store/atoms/ui.ts","statementMap":{"0":{"start":{"line":6,"column":13},"end":{"line":6,"column":null}},"1":{"start":{"line":9,"column":13},"end":{"line":9,"column":null}},"2":{"start":{"line":12,"column":13},"end":{"line":12,"column":null}},"3":{"start":{"line":20,"column":13},"end":{"line":23,"column":null}},"4":{"start":{"line":27,"column":13},"end":{"line":43,"column":null}},"5":{"start":{"line":29,"column":18},"end":{"line":29,"column":null}},"6":{"start":{"line":30,"column":4},"end":{"line":30,"column":null}},"7":{"start":{"line":33,"column":18},"end":{"line":33,"column":null}},"8":{"start":{"line":34,"column":23},"end":{"line":34,"column":null}},"9":{"start":{"line":35,"column":4},"end":{"line":35,"column":null}},"10":{"start":{"line":36,"column":19},"end":{"line":36,"column":null}},"11":{"start":{"line":37,"column":4},"end":{"line":40,"column":null}},"12":{"start":{"line":38,"column":6},"end":{"line":38,"column":null}},"13":{"start":{"line":39,"column":6},"end":{"line":39,"column":null}},"14":{"start":{"line":41,"column":4},"end":{"line":41,"column":null}},"15":{"start":{"line":45,"column":13},"end":{"line":50,"column":null}},"16":{"start":{"line":46,"column":11},"end":{"line":46,"column":null}},"17":{"start":{"line":52,"column":13},"end":{"line":60,"column":null}},"18":{"start":{"line":53,"column":11},"end":{"line":53,"column":null}},"19":{"start":{"line":55,"column":18},"end":{"line":55,"column":null}},"20":{"start":{"line":56,"column":4},"end":{"line":58,"column":null}},"21":{"start":{"line":57,"column":6},"end":{"line":57,"column":null}}},"fnMap":{"0":{"name":"(anonymous_0)","decl":{"start":{"line":28,"column":2},"end":{"line":28,"column":3}},"loc":{"start":{"line":28,"column":11},"end":{"line":31,"column":null}},"line":28},"1":{"name":"(anonymous_1)","decl":{"start":{"line":32,"column":2},"end":{"line":32,"column":3}},"loc":{"start":{"line":32,"column":31},"end":{"line":42,"column":null}},"line":32},"2":{"name":"(anonymous_2)","decl":{"start":{"line":46,"column":2},"end":{"line":46,"column":3}},"loc":{"start":{"line":46,"column":11},"end":{"line":46,"column":null}},"line":46},"3":{"name":"(anonymous_3)","decl":{"start":{"line":47,"column":2},"end":{"line":47,"column":3}},"loc":{"start":{"line":47,"column":39},"end":{"line":49,"column":null}},"line":47},"4":{"name":"(anonymous_4)","decl":{"start":{"line":53,"column":2},"end":{"line":53,"column":3}},"loc":{"start":{"line":53,"column":11},"end":{"line":53,"column":null}},"line":53},"5":{"name":"(anonymous_5)","decl":{"start":{"line":54,"column":2},"end":{"line":54,"column":3}},"loc":{"start":{"line":54,"column":34},"end":{"line":59,"column":null}},"line":54}},"branchMap":{"0":{"loc":{"start":{"line":30,"column":11},"end":{"line":30,"column":null}},"type":"binary-expr","locations":[{"start":{"line":30,"column":11},"end":{"line":30,"column":41}},{"start":{"line":30,"column":41},"end":{"line":30,"column":null}}],"line":30},"1":{"loc":{"start":{"line":37,"column":4},"end":{"line":40,"column":null}},"type":"if","locations":[{"start":{"line":37,"column":4},"end":{"line":40,"column":null}},{"start":{},"end":{}}],"line":37},"2":{"loc":{"start":{"line":56,"column":4},"end":{"line":58,"column":null}},"type":"if","locations":[{"start":{"line":56,"column":4},"end":{"line":58,"column":null}},{"start":{},"end":{}}],"line":56},"3":{"loc":{"start":{"line":56,"column":8},"end":{"line":56,"column":58}},"type":"binary-expr","locations":[{"start":{"line":56,"column":8},"end":{"line":56,"column":25}},{"start":{"line":56,"column":25},"end":{"line":56,"column":58}}],"line":56}},"s":{"0":2,"1":2,"2":2,"3":2,"4":2,"5":49,"6":49,"7":0,"8":0,"9":0,"10":0,"11":0,"12":0,"13":0,"14":0,"15":2,"16":49,"17":2,"18":49,"19":0,"20":0,"21":0},"f":{"0":49,"1":0,"2":49,"3":0,"4":49,"5":0},"b":{"0":[49,0],"1":[0,0],"2":[0,0],"3":[0,0]},"meta":{"lastBranch":4,"lastFunction":6,"lastStatement":22,"seen":{"s:6:13:6:Infinity":0,"s:9:13:9:Infinity":1,"s:12:13:12:Infinity":2,"s:20:13:23:Infinity":3,"s:27:13:43:Infinity":4,"f:28:2:28:3":0,"s:29:18:29:Infinity":5,"s:30:4:30:Infinity":6,"b:30:11:30:41:30:41:30:Infinity":0,"f:32:2:32:3":1,"s:33:18:33:Infinity":7,"s:34:23:34:Infinity":8,"s:35:4:35:Infinity":9,"s:36:19:36:Infinity":10,"b:37:4:40:Infinity:undefined:undefined:undefined:undefined":1,"s:37:4:40:Infinity":11,"s:38:6:38:Infinity":12,"s:39:6:39:Infinity":13,"s:41:4:41:Infinity":14,"s:45:13:50:Infinity":15,"f:46:2:46:3":2,"s:46:11:46:Infinity":16,"f:47:2:47:3":3,"s:52:13:60:Infinity":17,"f:53:2:53:3":4,"s:53:11:53:Infinity":18,"f:54:2:54:3":5,"s:55:18:55:Infinity":19,"b:56:4:58:Infinity:undefined:undefined:undefined:undefined":2,"s:56:4:58:Infinity":20,"b:56:8:56:25:56:25:56:58":3,"s:57:6:57:Infinity":21}}}
,"/Users/jeffreyhu/DEV/lovcode/src/store/atoms/workspace.ts": {"path":"/Users/jeffreyhu/DEV/lovcode/src/store/atoms/workspace.ts","statementMap":{"0":{"start":{"line":6,"column":13},"end":{"line":6,"column":null}},"1":{"start":{"line":9,"column":13},"end":{"line":9,"column":null}},"2":{"start":{"line":10,"column":13},"end":{"line":10,"column":null}},"3":{"start":{"line":11,"column":13},"end":{"line":11,"column":null}},"4":{"start":{"line":14,"column":13},"end":{"line":14,"column":null}},"5":{"start":{"line":15,"column":13},"end":{"line":15,"column":null}},"6":{"start":{"line":16,"column":13},"end":{"line":16,"column":null}},"7":{"start":{"line":20,"column":13},"end":{"line":20,"column":null}}},"fnMap":{},"branchMap":{},"s":{"0":2,"1":2,"2":2,"3":2,"4":2,"5":2,"6":2,"7":2},"f":{},"b":{},"meta":{"lastBranch":0,"lastFunction":0,"lastStatement":8,"seen":{"s:6:13:6:Infinity":0,"s:9:13:9:Infinity":1,"s:10:13:10:Infinity":2,"s:11:13:11:Infinity":3,"s:14:13:14:Infinity":4,"s:15:13:15:Infinity":5,"s:16:13:16:Infinity":6,"s:20:13:20:Infinity":7}}}
}
